<?xml version="1.0" encoding="UTF-8"?>
<testsuite xmlns:xsi="http://www.w3.org/2001/XMLSchema-instance" xsi:noNamespaceSchemaLocation="https://maven.apache.org/surefire/maven-surefire-plugin/xsd/surefire-test-report-3.0.xsd" version="3.0" name="org.example.FirstTestCase" time="0.426" tests="3" errors="0" skipped="0" failures="0">
  <properties>
    <property name="sun.desktop" value="windows"/>
    <property name="awt.toolkit" value="sun.awt.windows.WToolkit"/>
    <property name="file.encoding.pkg" value="sun.io"/>
    <property name="java.specification.version" value="1.8"/>
    <property name="sun.cpu.isalist" value="amd64"/>
    <property name="sun.jnu.encoding" value="Cp1252"/>
    <property name="java.class.path" value="C:\Users\a.adam\Documents\CORSO ALFASOFT\cucumber\testNG\target\test-classes;C:\Users\a.adam\Documents\CORSO ALFASOFT\cucumber\testNG\target\classes;C:\Users\a.adam\.m2\repository\junit\junit\3.8.1\junit-3.8.1.jar;C:\Users\a.adam\.m2\repository\org\testng\testng\7.5.1\testng-7.5.1.jar;C:\Users\a.adam\.m2\repository\com\google\code\findbugs\jsr305\3.0.1\jsr305-3.0.1.jar;C:\Users\a.adam\.m2\repository\com\beust\jcommander\1.78\jcommander-1.78.jar;C:\Users\a.adam\.m2\repository\org\webjars\jquery\3.5.1\jquery-3.5.1.jar;"/>
    <property name="java.vm.vendor" value="Oracle Corporation"/>
    <property name="sun.arch.data.model" value="64"/>
    <property name="user.variant" value=""/>
    <property name="java.vendor.url" value="http://java.oracle.com/"/>
    <property name="user.timezone" value="Europe/Berlin"/>
    <property name="java.vm.specification.version" value="1.8"/>
    <property name="os.name" value="Windows 10"/>
    <property name="user.country" value="IT"/>
    <property name="sun.java.launcher" value="SUN_STANDARD"/>
    <property name="sun.boot.library.path" value="C:\Program Files\Java\jdk1.8.0_291\jre\bin"/>
    <property name="sun.java.command" value="C:\Users\a.adam\AppData\Local\Temp\surefire7527257959099511638\surefirebooter-20240923151644651_3.jar C:\Users\a.adam\AppData\Local\Temp\surefire7527257959099511638 2024-09-23T15-16-44_468-jvmRun1 surefire-20240923151644651_1tmp surefire_0-20240923151644651_2tmp"/>
    <property name="surefire.test.class.path" value="C:\Users\a.adam\Documents\CORSO ALFASOFT\cucumber\testNG\target\test-classes;C:\Users\a.adam\Documents\CORSO ALFASOFT\cucumber\testNG\target\classes;C:\Users\a.adam\.m2\repository\junit\junit\3.8.1\junit-3.8.1.jar;C:\Users\a.adam\.m2\repository\org\testng\testng\7.5.1\testng-7.5.1.jar;C:\Users\a.adam\.m2\repository\com\google\code\findbugs\jsr305\3.0.1\jsr305-3.0.1.jar;C:\Users\a.adam\.m2\repository\com\beust\jcommander\1.78\jcommander-1.78.jar;C:\Users\a.adam\.m2\repository\org\webjars\jquery\3.5.1\jquery-3.5.1.jar;"/>
    <property name="sun.cpu.endian" value="little"/>
    <property name="user.home" value="C:\Users\a.adam"/>
    <property name="user.language" value="it"/>
    <property name="java.specification.vendor" value="Oracle Corporation"/>
    <property name="java.home" value="C:\Program Files\Java\jdk1.8.0_291\jre"/>
    <property name="basedir" value="C:\Users\a.adam\Documents\CORSO ALFASOFT\cucumber\testNG"/>
    <property name="file.separator" value="\"/>
    <property name="line.separator" value="&#10;"/>
    <property name="java.vm.specification.vendor" value="Oracle Corporation"/>
    <property name="java.specification.name" value="Java Platform API Specification"/>
    <property name="java.awt.graphicsenv" value="sun.awt.Win32GraphicsEnvironment"/>
    <property name="surefire.real.class.path" value="C:\Users\a.adam\AppData\Local\Temp\surefire7527257959099511638\surefirebooter-20240923151644651_3.jar"/>
    <property name="sun.boot.class.path" value="C:\Program Files\Java\jdk1.8.0_291\jre\lib\resources.jar;C:\Program Files\Java\jdk1.8.0_291\jre\lib\rt.jar;C:\Program Files\Java\jdk1.8.0_291\jre\lib\sunrsasign.jar;C:\Program Files\Java\jdk1.8.0_291\jre\lib\jsse.jar;C:\Program Files\Java\jdk1.8.0_291\jre\lib\jce.jar;C:\Program Files\Java\jdk1.8.0_291\jre\lib\charsets.jar;C:\Program Files\Java\jdk1.8.0_291\jre\lib\jfr.jar;C:\Program Files\Java\jdk1.8.0_291\jre\classes"/>
    <property name="user.script" value=""/>
    <property name="sun.management.compiler" value="HotSpot 64-Bit Tiered Compilers"/>
    <property name="java.runtime.version" value="1.8.0_291-b10"/>
    <property name="user.name" value="a.adam"/>
    <property name="path.separator" value=";"/>
    <property name="os.version" value="10.0"/>
    <property name="java.endorsed.dirs" value="C:\Program Files\Java\jdk1.8.0_291\jre\lib\endorsed"/>
    <property name="java.runtime.name" value="Java(TM) SE Runtime Environment"/>
    <property name="file.encoding" value="Cp1252"/>
    <property name="java.vm.name" value="Java HotSpot(TM) 64-Bit Server VM"/>
    <property name="localRepository" value="C:\Users\a.adam\.m2\repository"/>
    <property name="java.vendor.url.bug" value="http://bugreport.sun.com/bugreport/"/>
    <property name="java.io.tmpdir" value="C:\Users\A783A~1.ADA\AppData\Local\Temp\"/>
    <property name="idea.version" value="2024.2.0.2"/>
    <property name="java.version" value="1.8.0_291"/>
    <property name="user.dir" value="C:\Users\a.adam\Documents\CORSO ALFASOFT\cucumber\testNG"/>
    <property name="os.arch" value="amd64"/>
    <property name="java.vm.specification.name" value="Java Virtual Machine Specification"/>
    <property name="java.awt.printerjob" value="sun.awt.windows.WPrinterJob"/>
    <property name="sun.os.patch.level" value=""/>
    <property name="java.library.path" value="C:\Program Files\Java\jdk1.8.0_291\jre\bin;C:\Windows\Sun\Java\bin;C:\Windows\system32;C:\Windows;C:\Program Files\Java\jdk1.8.0_291\bin;C:\Users\a.adam\Documents\UTILITY SW\apache-tomee-8.0.16-webprofile\apache-tomee-webprofile-8.0.16\bin;C:\Program Files\Common Files\Oracle\Java\javapath;C:\Program Files (x86)\Common Files\Oracle\Java\javapath;C:\Windows\system32;C:\Windows;C:\Windows\System32\Wbem;C:\Windows\System32\WindowsPowerShell\v1.0\;C:\Windows\System32\OpenSSH\;C:\Users\a.adam\Documents\UTILITY SW\apache-maven-3.9.9-bin\apache-maven-3.9.9\bin;C:\Users\a.adam\AppData\Roaming\nvm;C:\Program Files\nodejs;C:\Program Files\Git\cmd;C:\Program Files\Docker\Docker\resources\bin;C:\Users\a.adam\AppData\Local\Microsoft\WindowsApps;C:\Users\a.adam\AppData\Local\Programs\Microsoft VS Code\bin;C:\Users\a.adam\AppData\Roaming\npm;C:\Users\a.adam\AppData\Roaming\nvm;C:\Program Files\nodejs;."/>
    <property name="java.vm.info" value="mixed mode"/>
    <property name="java.vendor" value="Oracle Corporation"/>
    <property name="java.vm.version" value="25.291-b10"/>
    <property name="java.ext.dirs" value="C:\Program Files\Java\jdk1.8.0_291\jre\lib\ext;C:\Windows\Sun\Java\lib\ext"/>
    <property name="sun.io.unicode.encoding" value="UnicodeLittle"/>
    <property name="java.class.version" value="52.0"/>
  </properties>
  <testcase name="setup" classname="org.example.FirstTestCase" time="0.005">
    <system-out><![CDATA[This is a setup test
]]></system-out>
  </testcase>
  <testcase name="login" classname="org.example.FirstTestCase" time="0.0">
    <system-out><![CDATA[This is the login test
]]></system-out>
  </testcase>
  <testcase name="teardown" classname="org.example.FirstTestCase" time="0.001">
    <system-out><![CDATA[This is the close test
]]></system-out>
  </testcase>
</testsuite>