<?xml version="1.0" encoding="UTF-8"?>
<!-- Generated by org.testng.reporters.JUnitReportReporter -->
<testsuite skipped="0" hostname="ALFA01c" name="org.example.FirstTestCase" tests="3" failures="0" timestamp="2024-09-23T15:16:45 CEST" time="0.003" errors="0">
  <testcase name="setup" time="0.003" classname="org.example.FirstTestCase"/>
  <system-out/>
  <testcase name="login" time="0.000" classname="org.example.FirstTestCase"/>
  <system-out/>
  <testcase name="teardown" time="0.000" classname="org.example.FirstTestCase"/>
  <system-out/>
</testsuite> <!-- org.example.FirstTestCase -->
